Base path: C:/Program Files/Unity/Hub/Editor/2018.4.15f1/Editor/Data
Cmd: initializeCompiler
Cmd: compileSnippet
  api=4 type=0 insize=40470 outsize=2862 kw=UNITY_PASS_FORWARDBASE STEREO_INSTANCING_ON _BORDER_LIGHT_USES_HOVER_COLOR _DISABLE_ALBEDO_MAP _SPECULAR_HIGHLIGHTS _DIRECTIONAL_LIGHT _HOVER_LIGHT _BORDER_LIGHT pd=UNITY_ENABLE_REFLECTION_BUFFERS UNITY_NO_SCREENSPACE_SHADOWS UNITY_PBS_USE_BRDF3 UNITY_HARDWARE_TIER1 UNITY_COLORSPACE_GAMMA UNITY_LIGHTMAP_RGBM_ENCODING ok=1
Cmd: compileSnippet
  api=4 type=0 insize=40470 outsize=3086 kw=UNITY_PASS_FORWARDBASE INSTANCING_ON STEREO_INSTANCING_ON _BORDER_LIGHT_USES_HOVER_COLOR _DISABLE_ALBEDO_MAP _SPECULAR_HIGHLIGHTS _DIRECTIONAL_LIGHT _HOVER_LIGHT _BORDER_LIGHT pd=UNITY_ENABLE_REFLECTION_BUFFERS UNITY_USE_DITHER_MASK_FOR_ALPHABLENDED_SHADOWS UNITY_PBS_USE_BRDF1 UNITY_SPECCUBE_BOX_PROJECTION UNITY_SPECCUBE_BLENDING UNITY_ENABLE_DETAIL_NORMALMAP UNITY_HARDWARE_TIER2 UNITY_COLORSPACE_GAMMA UNITY_LIGHT_PROBE_PROXY_VOLUME UNITY_LIGHTMAP_RGBM_ENCODING ok=1
Cmd: compileSnippet
  api=4 type=0 insize=40470 outsize=2614 kw=UNITY_PASS_FORWARDBASE _BORDER_LIGHT_USES_HOVER_COLOR _DISABLE_ALBEDO_MAP _SPECULAR_HIGHLIGHTS _DIRECTIONAL_LIGHT _HOVER_LIGHT _CLIPPING_BOX _BORDER_LIGHT pd=UNITY_ENABLE_REFLECTION_BUFFERS UNITY_USE_DITHER_MASK_FOR_ALPHABLENDED_SHADOWS UNITY_PBS_USE_BRDF1 UNITY_SPECCUBE_BOX_PROJECTION UNITY_SPECCUBE_BLENDING UNITY_ENABLE_DETAIL_NORMALMAP UNITY_HARDWARE_TIER2 UNITY_COLORSPACE_GAMMA UNITY_LIGHT_PROBE_PROXY_VOLUME UNITY_LIGHTMAP_RGBM_ENCODING ok=1
Cmd: compileSnippet
  api=4 type=0 insize=40470 outsize=2862 kw=UNITY_PASS_FORWARDBASE INSTANCING_ON _BORDER_LIGHT_USES_HOVER_COLOR _DISABLE_ALBEDO_MAP _SPECULAR_HIGHLIGHTS _DIRECTIONAL_LIGHT _HOVER_LIGHT _CLIPPING_BOX _BORDER_LIGHT pd=UNITY_ENABLE_REFLECTION_BUFFERS UNITY_USE_DITHER_MASK_FOR_ALPHABLENDED_SHADOWS UNITY_PBS_USE_BRDF1 UNITY_SPECCUBE_BOX_PROJECTION UNITY_SPECCUBE_BLENDING UNITY_ENABLE_DETAIL_NORMALMAP UNITY_HARDWARE_TIER3 UNITY_COLORSPACE_GAMMA UNITY_LIGHT_PROBE_PROXY_VOLUME UNITY_LIGHTMAP_RGBM_ENCODING ok=1
Cmd: compileSnippet
  api=4 type=0 insize=40470 outsize=2862 kw=UNITY_PASS_FORWARDBASE STEREO_INSTANCING_ON _BORDER_LIGHT_USES_HOVER_COLOR _DISABLE_ALBEDO_MAP _SPECULAR_HIGHLIGHTS _DIRECTIONAL_LIGHT _HOVER_LIGHT _CLIPPING_SPHERE _BORDER_LIGHT pd=UNITY_ENABLE_REFLECTION_BUFFERS UNITY_USE_DITHER_MASK_FOR_ALPHABLENDED_SHADOWS UNITY_PBS_USE_BRDF1 UNITY_SPECCUBE_BOX_PROJECTION UNITY_SPECCUBE_BLENDING UNITY_ENABLE_DETAIL_NORMALMAP UNITY_HARDWARE_TIER3 UNITY_COLORSPACE_GAMMA UNITY_LIGHT_PROBE_PROXY_VOLUME UNITY_LIGHTMAP_RGBM_ENCODING ok=1
Cmd: compileSnippet
  api=4 type=0 insize=40470 outsize=2862 kw=UNITY_PASS_FORWARDBASE INSTANCING_ON _BORDER_LIGHT_USES_HOVER_COLOR _DISABLE_ALBEDO_MAP _SPECULAR_HIGHLIGHTS _DIRECTIONAL_LIGHT _HOVER_LIGHT _CLIPPING_SPHERE _BORDER_LIGHT pd=UNITY_ENABLE_REFLECTION_BUFFERS UNITY_USE_DITHER_MASK_FOR_ALPHABLENDED_SHADOWS UNITY_PBS_USE_BRDF1 UNITY_SPECCUBE_BOX_PROJECTION UNITY_SPECCUBE_BLENDING UNITY_ENABLE_DETAIL_NORMALMAP UNITY_HARDWARE_TIER2 UNITY_COLORSPACE_GAMMA UNITY_LIGHT_PROBE_PROXY_VOLUME UNITY_LIGHTMAP_RGBM_ENCODING ok=1
Cmd: compileSnippet
  api=4 type=0 insize=40470 outsize=2862 kw=UNITY_PASS_FORWARDBASE STEREO_INSTANCING_ON _BORDER_LIGHT_USES_HOVER_COLOR _DISABLE_ALBEDO_MAP _SPECULAR_HIGHLIGHTS _DIRECTIONAL_LIGHT _HOVER_LIGHT _CLIPPING_SPHERE _CLIPPING_BOX _BORDER_LIGHT pd=UNITY_ENABLE_REFLECTION_BUFFERS UNITY_NO_SCREENSPACE_SHADOWS UNITY_PBS_USE_BRDF3 UNITY_HARDWARE_TIER1 UNITY_COLORSPACE_GAMMA UNITY_LIGHTMAP_RGBM_ENCODING ok=1
Cmd: compileSnippet
  api=4 type=0 insize=40470 outsize=3086 kw=UNITY_PASS_FORWARDBASE INSTANCING_ON STEREO_INSTANCING_ON _BORDER_LIGHT_USES_HOVER_COLOR _DISABLE_ALBEDO_MAP _SPECULAR_HIGHLIGHTS _DIRECTIONAL_LIGHT _HOVER_LIGHT _CLIPPING_SPHERE _CLIPPING_BOX _BORDER_LIGHT pd=UNITY_ENABLE_REFLECTION_BUFFERS UNITY_NO_SCREENSPACE_SHADOWS UNITY_PBS_USE_BRDF3 UNITY_HARDWARE_TIER1 UNITY_COLORSPACE_GAMMA UNITY_LIGHTMAP_RGBM_ENCODING ok=1
Cmd: compileSnippet
  api=4 type=0 insize=40470 outsize=2614 kw=UNITY_PASS_FORWARDBASE _BORDER_LIGHT_USES_HOVER_COLOR _DISABLE_ALBEDO_MAP _SPECULAR_HIGHLIGHTS _DIRECTIONAL_LIGHT _HOVER_LIGHT _CLIPPING_PLANE _BORDER_LIGHT pd=UNITY_ENABLE_REFLECTION_BUFFERS UNITY_USE_DITHER_MASK_FOR_ALPHABLENDED_SHADOWS UNITY_PBS_USE_BRDF1 UNITY_SPECCUBE_BOX_PROJECTION UNITY_SPECCUBE_BLENDING UNITY_ENABLE_DETAIL_NORMALMAP UNITY_HARDWARE_TIER3 UNITY_COLORSPACE_GAMMA UNITY_LIGHT_PROBE_PROXY_VOLUME UNITY_LIGHTMAP_RGBM_ENCODING ok=1
Cmd: compileSnippet
  api=4 type=0 insize=40470 outsize=3086 kw=UNITY_PASS_FORWARDBASE INSTANCING_ON STEREO_INSTANCING_ON _BORDER_LIGHT_USES_HOVER_COLOR _DISABLE_ALBEDO_MAP _SPECULAR_HIGHLIGHTS _DIRECTIONAL_LIGHT _HOVER_LIGHT _CLIPPING_PLANE _BORDER_LIGHT pd=UNITY_ENABLE_REFLECTION_BUFFERS UNITY_USE_DITHER_MASK_FOR_ALPHABLENDED_SHADOWS UNITY_PBS_USE_BRDF1 UNITY_SPECCUBE_BOX_PROJECTION UNITY_SPECCUBE_BLENDING UNITY_ENABLE_DETAIL_NORMALMAP UNITY_HARDWARE_TIER2 UNITY_COLORSPACE_GAMMA UNITY_LIGHT_PROBE_PROXY_VOLUME UNITY_LIGHTMAP_RGBM_ENCODING ok=1
Cmd: compileSnippet
  api=4 type=0 insize=40470 outsize=2614 kw=UNITY_PASS_FORWARDBASE _BORDER_LIGHT_USES_HOVER_COLOR _DISABLE_ALBEDO_MAP _SPECULAR_HIGHLIGHTS _DIRECTIONAL_LIGHT _HOVER_LIGHT _CLIPPING_PLANE _CLIPPING_BOX _BORDER_LIGHT pd=UNITY_ENABLE_REFLECTION_BUFFERS UNITY_NO_SCREENSPACE_SHADOWS UNITY_PBS_USE_BRDF3 UNITY_HARDWARE_TIER1 UNITY_COLORSPACE_GAMMA UNITY_LIGHTMAP_RGBM_ENCODING ok=1
Cmd: compileSnippet
  api=4 type=0 insize=40470 outsize=3086 kw=UNITY_PASS_FORWARDBASE INSTANCING_ON STEREO_INSTANCING_ON _BORDER_LIGHT_USES_HOVER_COLOR _DISABLE_ALBEDO_MAP _SPECULAR_HIGHLIGHTS _DIRECTIONAL_LIGHT _HOVER_LIGHT _CLIPPING_PLANE _CLIPPING_BOX _BORDER_LIGHT pd=UNITY_ENABLE_REFLECTION_BUFFERS UNITY_USE_DITHER_MASK_FOR_ALPHABLENDED_SHADOWS UNITY_PBS_USE_BRDF1 UNITY_SPECCUBE_BOX_PROJECTION UNITY_SPECCUBE_BLENDING UNITY_ENABLE_DETAIL_NORMALMAP UNITY_HARDWARE_TIER3 UNITY_COLORSPACE_GAMMA UNITY_LIGHT_PROBE_PROXY_VOLUME UNITY_LIGHTMAP_RGBM_ENCODING ok=1
Cmd: compileSnippet
  api=4 type=0 insize=40470 outsize=2614 kw=UNITY_PASS_FORWARDBASE _BORDER_LIGHT_USES_HOVER_COLOR _DISABLE_ALBEDO_MAP _SPECULAR_HIGHLIGHTS _DIRECTIONAL_LIGHT _HOVER_LIGHT _CLIPPING_PLANE _CLIPPING_SPHERE _BORDER_LIGHT pd=UNITY_ENABLE_REFLECTION_BUFFERS UNITY_USE_DITHER_MASK_FOR_ALPHABLENDED_SHADOWS UNITY_PBS_USE_BRDF1 UNITY_SPECCUBE_BOX_PROJECTION UNITY_SPECCUBE_BLENDING UNITY_ENABLE_DETAIL_NORMALMAP UNITY_HARDWARE_TIER3 UNITY_COLORSPACE_GAMMA UNITY_LIGHT_PROBE_PROXY_VOLUME UNITY_LIGHTMAP_RGBM_ENCODING ok=1
Cmd: compileSnippet
  api=4 type=0 insize=40470 outsize=3086 kw=UNITY_PASS_FORWARDBASE INSTANCING_ON STEREO_INSTANCING_ON _BORDER_LIGHT_USES_HOVER_COLOR _DISABLE_ALBEDO_MAP _SPECULAR_HIGHLIGHTS _DIRECTIONAL_LIGHT _HOVER_LIGHT _CLIPPING_PLANE _CLIPPING_SPHERE _BORDER_LIGHT pd=UNITY_ENABLE_REFLECTION_BUFFERS UNITY_NO_SCREENSPACE_SHADOWS UNITY_PBS_USE_BRDF3 UNITY_HARDWARE_TIER1 UNITY_COLORSPACE_GAMMA UNITY_LIGHTMAP_RGBM_ENCODING ok=1
Cmd: compileSnippet
  api=4 type=0 insize=40470 outsize=2614 kw=UNITY_PASS_FORWARDBASE _BORDER_LIGHT_USES_HOVER_COLOR _DISABLE_ALBEDO_MAP _SPECULAR_HIGHLIGHTS _DIRECTIONAL_LIGHT _HOVER_LIGHT _CLIPPING_PLANE _CLIPPING_SPHERE _CLIPPING_BOX _BORDER_LIGHT pd=UNITY_ENABLE_REFLECTION_BUFFERS UNITY_USE_DITHER_MASK_FOR_ALPHABLENDED_SHADOWS UNITY_PBS_USE_BRDF1 UNITY_SPECCUBE_BOX_PROJECTION UNITY_SPECCUBE_BLENDING UNITY_ENABLE_DETAIL_NORMALMAP UNITY_HARDWARE_TIER2 UNITY_COLORSPACE_GAMMA UNITY_LIGHT_PROBE_PROXY_VOLUME UNITY_LIGHTMAP_RGBM_ENCODING ok=1
Cmd: compileSnippet
  api=4 type=0 insize=40470 outsize=3086 kw=UNITY_PASS_FORWARDBASE INSTANCING_ON STEREO_INSTANCING_ON _BORDER_LIGHT_USES_HOVER_COLOR _DISABLE_ALBEDO_MAP _SPECULAR_HIGHLIGHTS _DIRECTIONAL_LIGHT _HOVER_LIGHT _CLIPPING_PLANE _CLIPPING_SPHERE _CLIPPING_BOX _BORDER_LIGHT pd=UNITY_ENABLE_REFLECTION_BUFFERS UNITY_USE_DITHER_MASK_FOR_ALPHABLENDED_SHADOWS UNITY_PBS_USE_BRDF1 UNITY_SPECCUBE_BOX_PROJECTION UNITY_SPECCUBE_BLENDING UNITY_ENABLE_DETAIL_NORMALMAP UNITY_HARDWARE_TIER3 UNITY_COLORSPACE_GAMMA UNITY_LIGHT_PROBE_PROXY_VOLUME UNITY_LIGHTMAP_RGBM_ENCODING ok=1
Cmd: compileSnippet
  api=4 type=0 insize=40470 outsize=2862 kw=UNITY_PASS_FORWARDBASE STEREO_INSTANCING_ON _BORDER_LIGHT_USES_HOVER_COLOR _DISABLE_ALBEDO_MAP _SPECULAR_HIGHLIGHTS _DIRECTIONAL_LIGHT _HOVER_LIGHT _MULTI_HOVER_LIGHT _BORDER_LIGHT pd=UNITY_ENABLE_REFLECTION_BUFFERS UNITY_USE_DITHER_MASK_FOR_ALPHABLENDED_SHADOWS UNITY_PBS_USE_BRDF1 UNITY_SPECCUBE_BOX_PROJECTION UNITY_SPECCUBE_BLENDING UNITY_ENABLE_DETAIL_NORMALMAP UNITY_HARDWARE_TIER3 UNITY_COLORSPACE_GAMMA UNITY_LIGHT_PROBE_PROXY_VOLUME UNITY_LIGHTMAP_RGBM_ENCODING ok=1
Cmd: compileSnippet
  api=4 type=0 insize=40470 outsize=2862 kw=UNITY_PASS_FORWARDBASE INSTANCING_ON _BORDER_LIGHT_USES_HOVER_COLOR _DISABLE_ALBEDO_MAP _SPECULAR_HIGHLIGHTS _DIRECTIONAL_LIGHT _HOVER_LIGHT _MULTI_HOVER_LIGHT _BORDER_LIGHT pd=UNITY_ENABLE_REFLECTION_BUFFERS UNITY_NO_SCREENSPACE_SHADOWS UNITY_PBS_USE_BRDF3 UNITY_HARDWARE_TIER1 UNITY_COLORSPACE_GAMMA UNITY_LIGHTMAP_RGBM_ENCODING ok=1
Cmd: compileSnippet
  api=4 type=0 insize=40470 outsize=2614 kw=UNITY_PASS_FORWARDBASE _BORDER_LIGHT_USES_HOVER_COLOR _DISABLE_ALBEDO_MAP _SPECULAR_HIGHLIGHTS _DIRECTIONAL_LIGHT _HOVER_LIGHT _CLIPPING_BOX _MULTI_HOVER_LIGHT _BORDER_LIGHT pd=UNITY_ENABLE_REFLECTION_BUFFERS UNITY_USE_DITHER_MASK_FOR_ALPHABLENDED_SHADOWS UNITY_PBS_USE_BRDF1 UNITY_SPECCUBE_BOX_PROJECTION UNITY_SPECCUBE_BLENDING UNITY_ENABLE_DETAIL_NORMALMAP UNITY_HARDWARE_TIER3 UNITY_COLORSPACE_GAMMA UNITY_LIGHT_PROBE_PROXY_VOLUME UNITY_LIGHTMAP_RGBM_ENCODING ok=1
Cmd: compileSnippet
  api=4 type=0 insize=40470 outsize=2862 kw=UNITY_PASS_FORWARDBASE INSTANCING_ON _BORDER_LIGHT_USES_HOVER_COLOR _DISABLE_ALBEDO_MAP _SPECULAR_HIGHLIGHTS _DIRECTIONAL_LIGHT _HOVER_LIGHT _CLIPPING_BOX _MULTI_HOVER_LIGHT _BORDER_LIGHT pd=UNITY_ENABLE_REFLECTION_BUFFERS UNITY_USE_DITHER_MASK_FOR_ALPHABLENDED_SHADOWS UNITY_PBS_USE_BRDF1 UNITY_SPECCUBE_BOX_PROJECTION UNITY_SPECCUBE_BLENDING UNITY_ENABLE_DETAIL_NORMALMAP UNITY_HARDWARE_TIER2 UNITY_COLORSPACE_GAMMA UNITY_LIGHT_PROBE_PROXY_VOLUME UNITY_LIGHTMAP_RGBM_ENCODING ok=1
Cmd: compileSnippet
  api=4 type=0 insize=40470 outsize=2614 kw=UNITY_PASS_FORWARDBASE _BORDER_LIGHT_USES_HOVER_COLOR _DISABLE_ALBEDO_MAP _SPECULAR_HIGHLIGHTS _DIRECTIONAL_LIGHT _HOVER_LIGHT _CLIPPING_SPHERE _MULTI_HOVER_LIGHT _BORDER_LIGHT pd=UNITY_ENABLE_REFLECTION_BUFFERS UNITY_USE_DITHER_MASK_FOR_ALPHABLENDED_SHADOWS UNITY_PBS_USE_BRDF1 UNITY_SPECCUBE_BOX_PROJECTION UNITY_SPECCUBE_BLENDING UNITY_ENABLE_DETAIL_NORMALMAP UNITY_HARDWARE_TIER3 UNITY_COLORSPACE_GAMMA UNITY_LIGHT_PROBE_PROXY_VOLUME UNITY_LIGHTMAP_RGBM_ENCODING ok=1
Cmd: compileSnippet
  api=4 type=0 insize=40470 outsize=3086 kw=UNITY_PASS_FORWARDBASE INSTANCING_ON STEREO_INSTANCING_ON _BORDER_LIGHT_USES_HOVER_COLOR _DISABLE_ALBEDO_MAP _SPECULAR_HIGHLIGHTS _DIRECTIONAL_LIGHT _HOVER_LIGHT _CLIPPING_SPHERE _MULTI_HOVER_LIGHT _BORDER_LIGHT pd=UNITY_ENABLE_REFLECTION_BUFFERS UNITY_USE_DITHER_MASK_FOR_ALPHABLENDED_SHADOWS UNITY_PBS_USE_BRDF1 UNITY_SPECCUBE_BOX_PROJECTION UNITY_SPECCUBE_BLENDING UNITY_ENABLE_DETAIL_NORMALMAP UNITY_HARDWARE_TIER3 UNITY_COLORSPACE_GAMMA UNITY_LIGHT_PROBE_PROXY_VOLUME UNITY_LIGHTMAP_RGBM_ENCODING ok=1
Cmd: compileSnippet
  api=4 type=0 insize=40470 outsize=2614 kw=UNITY_PASS_FORWARDBASE _BORDER_LIGHT_USES_HOVER_COLOR _DISABLE_ALBEDO_MAP _SPECULAR_HIGHLIGHTS _DIRECTIONAL_LIGHT _HOVER_LIGHT _CLIPPING_SPHERE _CLIPPING_BOX _MULTI_HOVER_LIGHT _BORDER_LIGHT pd=UNITY_ENABLE_REFLECTION_BUFFERS UNITY_USE_DITHER_MASK_FOR_ALPHABLENDED_SHADOWS UNITY_PBS_USE_BRDF1 UNITY_SPECCUBE_BOX_PROJECTION UNITY_SPECCUBE_BLENDING UNITY_ENABLE_DETAIL_NORMALMAP UNITY_HARDWARE_TIER3 UNITY_COLORSPACE_GAMMA UNITY_LIGHT_PROBE_PROXY_VOLUME UNITY_LIGHTMAP_RGBM_ENCODING ok=1
Cmd: compileSnippet
  api=4 type=0 insize=40470 outsize=2862 kw=UNITY_PASS_FORWARDBASE INSTANCING_ON _BORDER_LIGHT_USES_HOVER_COLOR _DISABLE_ALBEDO_MAP _SPECULAR_HIGHLIGHTS _DIRECTIONAL_LIGHT _HOVER_LIGHT _CLIPPING_SPHERE _CLIPPING_BOX _MULTI_HOVER_LIGHT _BORDER_LIGHT pd=UNITY_ENABLE_REFLECTION_BUFFERS UNITY_USE_DITHER_MASK_FOR_ALPHABLENDED_SHADOWS UNITY_PBS_USE_BRDF1 UNITY_SPECCUBE_BOX_PROJECTION UNITY_SPECCUBE_BLENDING UNITY_ENABLE_DETAIL_NORMALMAP UNITY_HARDWARE_TIER3 UNITY_COLORSPACE_GAMMA UNITY_LIGHT_PROBE_PROXY_VOLUME UNITY_LIGHTMAP_RGBM_ENCODING ok=1
Cmd: compileSnippet
  api=4 type=0 insize=40470 outsize=2614 kw=UNITY_PASS_FORWARDBASE _BORDER_LIGHT_USES_HOVER_COLOR _DISABLE_ALBEDO_MAP _SPECULAR_HIGHLIGHTS _DIRECTIONAL_LIGHT _HOVER_LIGHT _CLIPPING_PLANE _MULTI_HOVER_LIGHT _BORDER_LIGHT pd=UNITY_ENABLE_REFLECTION_BUFFERS UNITY_USE_DITHER_MASK_FOR_ALPHABLENDED_SHADOWS UNITY_PBS_USE_BRDF1 UNITY_SPECCUBE_BOX_PROJECTION UNITY_SPECCUBE_BLENDING UNITY_ENABLE_DETAIL_NORMALMAP UNITY_HARDWARE_TIER3 UNITY_COLORSPACE_GAMMA UNITY_LIGHT_PROBE_PROXY_VOLUME UNITY_LIGHTMAP_RGBM_ENCODING ok=1
Cmd: compileSnippet
  api=4 type=0 insize=40470 outsize=2862 kw=UNITY_PASS_FORWARDBASE INSTANCING_ON _BORDER_LIGHT_USES_HOVER_COLOR _DISABLE_ALBEDO_MAP _SPECULAR_HIGHLIGHTS _DIRECTIONAL_LIGHT _HOVER_LIGHT _CLIPPING_PLANE _MULTI_HOVER_LIGHT _BORDER_LIGHT pd=UNITY_ENABLE_REFLECTION_BUFFERS UNITY_USE_DITHER_MASK_FOR_ALPHABLENDED_SHADOWS UNITY_PBS_USE_BRDF1 UNITY_SPECCUBE_BOX_PROJECTION UNITY_SPECCUBE_BLENDING UNITY_ENABLE_DETAIL_NORMALMAP UNITY_HARDWARE_TIER2 UNITY_COLORSPACE_GAMMA UNITY_LIGHT_PROBE_PROXY_VOLUME UNITY_LIGHTMAP_RGBM_ENCODING ok=1
Cmd: compileSnippet
  api=4 type=0 insize=40470 outsize=2614 kw=UNITY_PASS_FORWARDBASE _BORDER_LIGHT_USES_HOVER_COLOR _DISABLE_ALBEDO_MAP _SPECULAR_HIGHLIGHTS _DIRECTIONAL_LIGHT _HOVER_LIGHT _CLIPPING_PLANE _CLIPPING_BOX _MULTI_HOVER_LIGHT _BORDER_LIGHT pd=UNITY_ENABLE_REFLECTION_BUFFERS UNITY_USE_DITHER_MASK_FOR_ALPHABLENDED_SHADOWS UNITY_PBS_USE_BRDF1 UNITY_SPECCUBE_BOX_PROJECTION UNITY_SPECCUBE_BLENDING UNITY_ENABLE_DETAIL_NORMALMAP UNITY_HARDWARE_TIER2 UNITY_COLORSPACE_GAMMA UNITY_LIGHT_PROBE_PROXY_VOLUME UNITY_LIGHTMAP_RGBM_ENCODING ok=1
Cmd: compileSnippet
  api=4 type=0 insize=40470 outsize=2862 kw=UNITY_PASS_FORWARDBASE INSTANCING_ON _BORDER_LIGHT_USES_HOVER_COLOR _DISABLE_ALBEDO_MAP _SPECULAR_HIGHLIGHTS _DIRECTIONAL_LIGHT _HOVER_LIGHT _CLIPPING_PLANE _CLIPPING_BOX _MULTI_HOVER_LIGHT _BORDER_LIGHT pd=UNITY_ENABLE_REFLECTION_BUFFERS UNITY_USE_DITHER_MASK_FOR_ALPHABLENDED_SHADOWS UNITY_PBS_USE_BRDF1 UNITY_SPECCUBE_BOX_PROJECTION UNITY_SPECCUBE_BLENDING UNITY_ENABLE_DETAIL_NORMALMAP UNITY_HARDWARE_TIER3 UNITY_COLORSPACE_GAMMA UNITY_LIGHT_PROBE_PROXY_VOLUME UNITY_LIGHTMAP_RGBM_ENCODING ok=1
Cmd: compileSnippet
  api=4 type=0 insize=40470 outsize=2614 kw=UNITY_PASS_FORWARDBASE _BORDER_LIGHT_USES_HOVER_COLOR _DISABLE_ALBEDO_MAP _SPECULAR_HIGHLIGHTS _DIRECTIONAL_LIGHT _HOVER_LIGHT _CLIPPING_PLANE _CLIPPING_SPHERE _MULTI_HOVER_LIGHT _BORDER_LIGHT pd=UNITY_ENABLE_REFLECTION_BUFFERS UNITY_USE_DITHER_MASK_FOR_ALPHABLENDED_SHADOWS UNITY_PBS_USE_BRDF1 UNITY_SPECCUBE_BOX_PROJECTION UNITY_SPECCUBE_BLENDING UNITY_ENABLE_DETAIL_NORMALMAP UNITY_HARDWARE_TIER2 UNITY_COLORSPACE_GAMMA UNITY_LIGHT_PROBE_PROXY_VOLUME UNITY_LIGHTMAP_RGBM_ENCODING ok=1
Cmd: compileSnippet
  api=4 type=0 insize=40470 outsize=3086 kw=UNITY_PASS_FORWARDBASE INSTANCING_ON STEREO_INSTANCING_ON _BORDER_LIGHT_USES_HOVER_COLOR _DISABLE_ALBEDO_MAP _SPECULAR_HIGHLIGHTS _DIRECTIONAL_LIGHT _HOVER_LIGHT _CLIPPING_PLANE _CLIPPING_SPHERE _MULTI_HOVER_LIGHT _BORDER_LIGHT pd=UNITY_ENABLE_REFLECTION_BUFFERS UNITY_USE_DITHER_MASK_FOR_ALPHABLENDED_SHADOWS UNITY_PBS_USE_BRDF1 UNITY_SPECCUBE_BOX_PROJECTION UNITY_SPECCUBE_BLENDING UNITY_ENABLE_DETAIL_NORMALMAP UNITY_HARDWARE_TIER3 UNITY_COLORSPACE_GAMMA UNITY_LIGHT_PROBE_PROXY_VOLUME UNITY_LIGHTMAP_RGBM_ENCODING ok=1
Cmd: compileSnippet
  api=4 type=0 insize=40470 outsize=2862 kw=UNITY_PASS_FORWARDBASE STEREO_INSTANCING_ON _BORDER_LIGHT_USES_HOVER_COLOR _DISABLE_ALBEDO_MAP _SPECULAR_HIGHLIGHTS _DIRECTIONAL_LIGHT _HOVER_LIGHT _CLIPPING_PLANE _CLIPPING_SPHERE _CLIPPING_BOX _MULTI_HOVER_LIGHT _BORDER_LIGHT pd=UNITY_ENABLE_REFLECTION_BUFFERS UNITY_NO_SCREENSPACE_SHADOWS UNITY_PBS_USE_BRDF3 UNITY_HARDWARE_TIER1 UNITY_COLORSPACE_GAMMA UNITY_LIGHTMAP_RGBM_ENCODING ok=1
Cmd: compileSnippet
  api=4 type=0 insize=40470 outsize=3086 kw=UNITY_PASS_FORWARDBASE INSTANCING_ON STEREO_INSTANCING_ON _BORDER_LIGHT_USES_HOVER_COLOR _DISABLE_ALBEDO_MAP _SPECULAR_HIGHLIGHTS _DIRECTIONAL_LIGHT _HOVER_LIGHT _CLIPPING_PLANE _CLIPPING_SPHERE _CLIPPING_BOX _MULTI_HOVER_LIGHT _BORDER_LIGHT pd=UNITY_ENABLE_REFLECTION_BUFFERS UNITY_USE_DITHER_MASK_FOR_ALPHABLENDED_SHADOWS UNITY_PBS_USE_BRDF1 UNITY_SPECCUBE_BOX_PROJECTION UNITY_SPECCUBE_BLENDING UNITY_ENABLE_DETAIL_NORMALMAP UNITY_HARDWARE_TIER2 UNITY_COLORSPACE_GAMMA UNITY_LIGHT_PROBE_PROXY_VOLUME UNITY_LIGHTMAP_RGBM_ENCODING ok=1
Cmd: compileSnippet
  api=4 type=0 insize=1693 outsize=934 kw=STEREO_INSTANCING_ON pd=UNITY_ENABLE_REFLECTION_BUFFERS UNITY_NO_SCREENSPACE_SHADOWS UNITY_PBS_USE_BRDF3 UNITY_HARDWARE_TIER1 UNITY_COLORSPACE_GAMMA UNITY_LIGHTMAP_RGBM_ENCODING ok=1
Cmd: compileSnippet
  api=4 type=0 insize=1059 outsize=802 kw=VUFORIA_YUVNV12 pd=UNITY_ENABLE_REFLECTION_BUFFERS UNITY_NO_SCREENSPACE_SHADOWS UNITY_PBS_USE_BRDF3 UNITY_HARDWARE_TIER1 UNITY_COLORSPACE_GAMMA UNITY_LIGHTMAP_RGBM_ENCODING ok=1
Cmd: compileSnippet
  api=4 type=0 insize=1059 outsize=838 kw=STEREO_INSTANCING_ON VUFORIA_YUVNV21 pd=UNITY_ENABLE_REFLECTION_BUFFERS UNITY_NO_SCREENSPACE_SHADOWS UNITY_PBS_USE_BRDF3 UNITY_HARDWARE_TIER1 UNITY_COLORSPACE_GAMMA UNITY_LIGHTMAP_RGBM_ENCODING ok=1
Cmd: compileSnippet
  api=4 type=0 insize=1059 outsize=918 kw=STEREO_INSTANCING_ON VUFORIA_YUV420P pd=UNITY_ENABLE_REFLECTION_BUFFERS UNITY_USE_DITHER_MASK_FOR_ALPHABLENDED_SHADOWS UNITY_PBS_USE_BRDF1 UNITY_SPECCUBE_BOX_PROJECTION UNITY_SPECCUBE_BLENDING UNITY_ENABLE_DETAIL_NORMALMAP UNITY_HARDWARE_TIER3 UNITY_COLORSPACE_GAMMA UNITY_LIGHT_PROBE_PROXY_VOLUME UNITY_LIGHTMAP_RGBM_ENCODING ok=1
Cmd: compileSnippet
  api=4 type=1 insize=1059 outsize=346 kw=STEREO_INSTANCING_ON VUFORIA_RGB pd=UNITY_ENABLE_REFLECTION_BUFFERS UNITY_USE_DITHER_MASK_FOR_ALPHABLENDED_SHADOWS UNITY_PBS_USE_BRDF1 UNITY_SPECCUBE_BOX_PROJECTION UNITY_SPECCUBE_BLENDING UNITY_ENABLE_DETAIL_NORMALMAP UNITY_HARDWARE_TIER2 UNITY_COLORSPACE_GAMMA UNITY_LIGHT_PROBE_PROXY_VOLUME UNITY_LIGHTMAP_RGBM_ENCODING ok=1
Cmd: compileSnippet
  api=4 type=1 insize=1059 outsize=586 kw=VUFORIA_YUVNV12 pd=UNITY_ENABLE_REFLECTION_BUFFERS UNITY_USE_DITHER_MASK_FOR_ALPHABLENDED_SHADOWS UNITY_PBS_USE_BRDF1 UNITY_SPECCUBE_BOX_PROJECTION UNITY_SPECCUBE_BLENDING UNITY_ENABLE_DETAIL_NORMALMAP UNITY_HARDWARE_TIER3 UNITY_COLORSPACE_GAMMA UNITY_LIGHT_PROBE_PROXY_VOLUME UNITY_LIGHTMAP_RGBM_ENCODING ok=1
Cmd: compileSnippet
  api=4 type=1 insize=1059 outsize=706 kw=VUFORIA_YUV420P pd=UNITY_ENABLE_REFLECTION_BUFFERS UNITY_NO_SCREENSPACE_SHADOWS UNITY_PBS_USE_BRDF3 UNITY_HARDWARE_TIER1 UNITY_COLORSPACE_GAMMA UNITY_LIGHTMAP_RGBM_ENCODING ok=1
Cmd: compileSnippet
  api=4 type=1 insize=1059 outsize=706 kw=STEREO_INSTANCING_ON VUFORIA_YUV420P pd=UNITY_ENABLE_REFLECTION_BUFFERS UNITY_NO_SCREENSPACE_SHADOWS UNITY_PBS_USE_BRDF3 UNITY_HARDWARE_TIER1 UNITY_COLORSPACE_GAMMA UNITY_LIGHTMAP_RGBM_ENCODING ok=1
Cmd: compileSnippet
  api=4 type=1 insize=1693 outsize=346 kw= pd=UNITY_ENABLE_REFLECTION_BUFFERS UNITY_USE_DITHER_MASK_FOR_ALPHABLENDED_SHADOWS UNITY_PBS_USE_BRDF1 UNITY_SPECCUBE_BOX_PROJECTION UNITY_SPECCUBE_BLENDING UNITY_ENABLE_DETAIL_NORMALMAP UNITY_HARDWARE_TIER3 UNITY_COLORSPACE_GAMMA UNITY_LIGHT_PROBE_PROXY_VOLUME UNITY_LIGHTMAP_RGBM_ENCODING ok=1
Cmd: compileSnippet
  api=4 type=1 insize=40470 outsize=3050 kw=UNITY_PASS_FORWARDBASE _BORDER_LIGHT_USES_HOVER_COLOR _DISABLE_ALBEDO_MAP _SPECULAR_HIGHLIGHTS _DIRECTIONAL_LIGHT _HOVER_LIGHT _BORDER_LIGHT pd=UNITY_ENABLE_REFLECTION_BUFFERS UNITY_USE_DITHER_MASK_FOR_ALPHABLENDED_SHADOWS UNITY_PBS_USE_BRDF1 UNITY_SPECCUBE_BOX_PROJECTION UNITY_SPECCUBE_BLENDING UNITY_ENABLE_DETAIL_NORMALMAP UNITY_HARDWARE_TIER2 UNITY_COLORSPACE_GAMMA UNITY_LIGHT_PROBE_PROXY_VOLUME UNITY_LIGHTMAP_RGBM_ENCODING ok=1
Cmd: compileSnippet
  api=4 type=1 insize=40470 outsize=3050 kw=UNITY_PASS_FORWARDBASE INSTANCING_ON _BORDER_LIGHT_USES_HOVER_COLOR _DISABLE_ALBEDO_MAP _SPECULAR_HIGHLIGHTS _DIRECTIONAL_LIGHT _HOVER_LIGHT _BORDER_LIGHT pd=UNITY_ENABLE_REFLECTION_BUFFERS UNITY_NO_SCREENSPACE_SHADOWS UNITY_PBS_USE_BRDF3 UNITY_HARDWARE_TIER1 UNITY_COLORSPACE_GAMMA UNITY_LIGHTMAP_RGBM_ENCODING ok=1
Cmd: compileSnippet
  api=4 type=1 insize=40470 outsize=3710 kw=UNITY_PASS_FORWARDBASE STEREO_INSTANCING_ON _BORDER_LIGHT_USES_HOVER_COLOR _DISABLE_ALBEDO_MAP _SPECULAR_HIGHLIGHTS _DIRECTIONAL_LIGHT _HOVER_LIGHT _CLIPPING_BOX _BORDER_LIGHT pd=UNITY_ENABLE_REFLECTION_BUFFERS UNITY_USE_DITHER_MASK_FOR_ALPHABLENDED_SHADOWS UNITY_PBS_USE_BRDF1 UNITY_SPECCUBE_BOX_PROJECTION UNITY_SPECCUBE_BLENDING UNITY_ENABLE_DETAIL_NORMALMAP UNITY_HARDWARE_TIER3 UNITY_COLORSPACE_GAMMA UNITY_LIGHT_PROBE_PROXY_VOLUME UNITY_LIGHTMAP_RGBM_ENCODING ok=1
Cmd: compileSnippet
  api=4 type=1 insize=40470 outsize=3662 kw=UNITY_PASS_FORWARDBASE INSTANCING_ON _BORDER_LIGHT_USES_HOVER_COLOR _DISABLE_ALBEDO_MAP _SPECULAR_HIGHLIGHTS _DIRECTIONAL_LIGHT _HOVER_LIGHT _CLIPPING_BOX _BORDER_LIGHT pd=UNITY_ENABLE_REFLECTION_BUFFERS UNITY_NO_SCREENSPACE_SHADOWS UNITY_PBS_USE_BRDF3 UNITY_HARDWARE_TIER1 UNITY_COLORSPACE_GAMMA UNITY_LIGHTMAP_RGBM_ENCODING ok=1
Cmd: compileSnippet
  api=4 type=1 insize=40470 outsize=3446 kw=UNITY_PASS_FORWARDBASE STEREO_INSTANCING_ON _BORDER_LIGHT_USES_HOVER_COLOR _DISABLE_ALBEDO_MAP _SPECULAR_HIGHLIGHTS _DIRECTIONAL_LIGHT _HOVER_LIGHT _CLIPPING_SPHERE _BORDER_LIGHT pd=UNITY_ENABLE_REFLECTION_BUFFERS UNITY_USE_DITHER_MASK_FOR_ALPHABLENDED_SHADOWS UNITY_PBS_USE_BRDF1 UNITY_SPECCUBE_BOX_PROJECTION UNITY_SPECCUBE_BLENDING UNITY_ENABLE_DETAIL_NORMALMAP UNITY_HARDWARE_TIER2 UNITY_COLORSPACE_GAMMA UNITY_LIGHT_PROBE_PROXY_VOLUME UNITY_LIGHTMAP_RGBM_ENCODING ok=1
Cmd: compileSnippet
  api=4 type=1 insize=40470 outsize=3890 kw=UNITY_PASS_FORWARDBASE STEREO_INSTANCING_ON _BORDER_LIGHT_USES_HOVER_COLOR _DISABLE_ALBEDO_MAP _SPECULAR_HIGHLIGHTS _DIRECTIONAL_LIGHT _HOVER_LIGHT _CLIPPING_SPHERE _CLIPPING_BOX _BORDER_LIGHT pd=UNITY_ENABLE_REFLECTION_BUFFERS UNITY_USE_DITHER_MASK_FOR_ALPHABLENDED_SHADOWS UNITY_PBS_USE_BRDF1 UNITY_SPECCUBE_BOX_PROJECTION UNITY_SPECCUBE_BLENDING UNITY_ENABLE_DETAIL_NORMALMAP UNITY_HARDWARE_TIER2 UNITY_COLORSPACE_GAMMA UNITY_LIGHT_PROBE_PROXY_VOLUME UNITY_LIGHTMAP_RGBM_ENCODING ok=1
Cmd: compileSnippet
  api=4 type=1 insize=40470 outsize=3406 kw=UNITY_PASS_FORWARDBASE STEREO_INSTANCING_ON _BORDER_LIGHT_USES_HOVER_COLOR _DISABLE_ALBEDO_MAP _SPECULAR_HIGHLIGHTS _DIRECTIONAL_LIGHT _HOVER_LIGHT _CLIPPING_PLANE _BORDER_LIGHT pd=UNITY_ENABLE_REFLECTION_BUFFERS UNITY_NO_SCREENSPACE_SHADOWS UNITY_PBS_USE_BRDF3 UNITY_HARDWARE_TIER1 UNITY_COLORSPACE_GAMMA UNITY_LIGHTMAP_RGBM_ENCODING ok=1
Cmd: compileSnippet
  api=4 type=1 insize=40470 outsize=3358 kw=UNITY_PASS_FORWARDBASE INSTANCING_ON _BORDER_LIGHT_USES_HOVER_COLOR _DISABLE_ALBEDO_MAP _SPECULAR_HIGHLIGHTS _DIRECTIONAL_LIGHT _HOVER_LIGHT _CLIPPING_PLANE _BORDER_LIGHT pd=UNITY_ENABLE_REFLECTION_BUFFERS UNITY_NO_SCREENSPACE_SHADOWS UNITY_PBS_USE_BRDF3 UNITY_HARDWARE_TIER1 UNITY_COLORSPACE_GAMMA UNITY_LIGHTMAP_RGBM_ENCODING ok=1
Cmd: compileSnippet
  api=4 type=1 insize=40470 outsize=3802 kw=UNITY_PASS_FORWARDBASE _BORDER_LIGHT_USES_HOVER_COLOR _DISABLE_ALBEDO_MAP _SPECULAR_HIGHLIGHTS _DIRECTIONAL_LIGHT _HOVER_LIGHT _CLIPPING_PLANE _CLIPPING_BOX _BORDER_LIGHT pd=UNITY_ENABLE_REFLECTION_BUFFERS UNITY_USE_DITHER_MASK_FOR_ALPHABLENDED_SHADOWS UNITY_PBS_USE_BRDF1 UNITY_SPECCUBE_BOX_PROJECTION UNITY_SPECCUBE_BLENDING UNITY_ENABLE_DETAIL_NORMALMAP UNITY_HARDWARE_TIER2 UNITY_COLORSPACE_GAMMA UNITY_LIGHT_PROBE_PROXY_VOLUME UNITY_LIGHTMAP_RGBM_ENCODING ok=1
Cmd: compileSnippet
  api=4 type=1 insize=40470 outsize=3850 kw=UNITY_PASS_FORWARDBASE INSTANCING_ON STEREO_INSTANCING_ON _BORDER_LIGHT_USES_HOVER_COLOR _DISABLE_ALBEDO_MAP _SPECULAR_HIGHLIGHTS _DIRECTIONAL_LIGHT _HOVER_LIGHT _CLIPPING_PLANE _CLIPPING_BOX _BORDER_LIGHT pd=UNITY_ENABLE_REFLECTION_BUFFERS UNITY_USE_DITHER_MASK_FOR_ALPHABLENDED_SHADOWS UNITY_PBS_USE_BRDF1 UNITY_SPECCUBE_BOX_PROJECTION UNITY_SPECCUBE_BLENDING UNITY_ENABLE_DETAIL_NORMALMAP UNITY_HARDWARE_TIER2 UNITY_COLORSPACE_GAMMA UNITY_LIGHT_PROBE_PROXY_VOLUME UNITY_LIGHTMAP_RGBM_ENCODING ok=1
Cmd: compileSnippet
  api=4 type=1 insize=40470 outsize=3586 kw=UNITY_PASS_FORWARDBASE STEREO_INSTANCING_ON _BORDER_LIGHT_USES_HOVER_COLOR _DISABLE_ALBEDO_MAP _SPECULAR_HIGHLIGHTS _DIRECTIONAL_LIGHT _HOVER_LIGHT _CLIPPING_PLANE _CLIPPING_SPHERE _BORDER_LIGHT pd=UNITY_ENABLE_REFLECTION_BUFFERS UNITY_NO_SCREENSPACE_SHADOWS UNITY_PBS_USE_BRDF3 UNITY_HARDWARE_TIER1 UNITY_COLORSPACE_GAMMA UNITY_LIGHTMAP_RGBM_ENCODING ok=1
Cmd: compileSnippet
  api=4 type=1 insize=40470 outsize=3538 kw=UNITY_PASS_FORWARDBASE INSTANCING_ON _BORDER_LIGHT_USES_HOVER_COLOR _DISABLE_ALBEDO_MAP _SPECULAR_HIGHLIGHTS _DIRECTIONAL_LIGHT _HOVER_LIGHT _CLIPPING_PLANE _CLIPPING_SPHERE _BORDER_LIGHT pd=UNITY_ENABLE_REFLECTION_BUFFERS UNITY_USE_DITHER_MASK_FOR_ALPHABLENDED_SHADOWS UNITY_PBS_USE_BRDF1 UNITY_SPECCUBE_BOX_PROJECTION UNITY_SPECCUBE_BLENDING UNITY_ENABLE_DETAIL_NORMALMAP UNITY_HARDWARE_TIER3 UNITY_COLORSPACE_GAMMA UNITY_LIGHT_PROBE_PROXY_VOLUME UNITY_LIGHTMAP_RGBM_ENCODING ok=1
Cmd: compileSnippet
  api=4 type=1 insize=40470 outsize=3982 kw=UNITY_PASS_FORWARDBASE INSTANCING_ON _BORDER_LIGHT_USES_HOVER_COLOR _DISABLE_ALBEDO_MAP _SPECULAR_HIGHLIGHTS _DIRECTIONAL_LIGHT _HOVER_LIGHT _CLIPPING_PLANE _CLIPPING_SPHERE _CLIPPING_BOX _BORDER_LIGHT pd=UNITY_ENABLE_REFLECTION_BUFFERS UNITY_USE_DITHER_MASK_FOR_ALPHABLENDED_SHADOWS UNITY_PBS_USE_BRDF1 UNITY_SPECCUBE_BOX_PROJECTION UNITY_SPECCUBE_BLENDING UNITY_ENABLE_DETAIL_NORMALMAP UNITY_HARDWARE_TIER3 UNITY_COLORSPACE_GAMMA UNITY_LIGHT_PROBE_PROXY_VOLUME UNITY_LIGHTMAP_RGBM_ENCODING ok=1
Cmd: compileSnippet
  api=4 type=1 insize=40470 outsize=3618 kw=UNITY_PASS_FORWARDBASE STEREO_INSTANCING_ON _BORDER_LIGHT_USES_HOVER_COLOR _DISABLE_ALBEDO_MAP _SPECULAR_HIGHLIGHTS _DIRECTIONAL_LIGHT _HOVER_LIGHT _MULTI_HOVER_LIGHT _BORDER_LIGHT pd=UNITY_ENABLE_REFLECTION_BUFFERS UNITY_NO_SCREENSPACE_SHADOWS UNITY_PBS_USE_BRDF3 UNITY_HARDWARE_TIER1 UNITY_COLORSPACE_GAMMA UNITY_LIGHTMAP_RGBM_ENCODING ok=1
Cmd: compileSnippet
  api=4 type=1 insize=40470 outsize=3570 kw=UNITY_PASS_FORWARDBASE INSTANCING_ON _BORDER_LIGHT_USES_HOVER_COLOR _DISABLE_ALBEDO_MAP _SPECULAR_HIGHLIGHTS _DIRECTIONAL_LIGHT _HOVER_LIGHT _MULTI_HOVER_LIGHT _BORDER_LIGHT pd=UNITY_ENABLE_REFLECTION_BUFFERS UNITY_USE_DITHER_MASK_FOR_ALPHABLENDED_SHADOWS UNITY_PBS_USE_BRDF1 UNITY_SPECCUBE_BOX_PROJECTION UNITY_SPECCUBE_BLENDING UNITY_ENABLE_DETAIL_NORMALMAP UNITY_HARDWARE_TIER2 UNITY_COLORSPACE_GAMMA UNITY_LIGHT_PROBE_PROXY_VOLUME UNITY_LIGHTMAP_RGBM_ENCODING ok=1
Cmd: compileSnippet
  api=4 type=1 insize=40470 outsize=4182 kw=UNITY_PASS_FORWARDBASE _BORDER_LIGHT_USES_HOVER_COLOR _DISABLE_ALBEDO_MAP _SPECULAR_HIGHLIGHTS _DIRECTIONAL_LIGHT _HOVER_LIGHT _CLIPPING_BOX _MULTI_HOVER_LIGHT _BORDER_LIGHT pd=UNITY_ENABLE_REFLECTION_BUFFERS UNITY_USE_DITHER_MASK_FOR_ALPHABLENDED_SHADOWS UNITY_PBS_USE_BRDF1 UNITY_SPECCUBE_BOX_PROJECTION UNITY_SPECCUBE_BLENDING UNITY_ENABLE_DETAIL_NORMALMAP UNITY_HARDWARE_TIER3 UNITY_COLORSPACE_GAMMA UNITY_LIGHT_PROBE_PROXY_VOLUME UNITY_LIGHTMAP_RGBM_ENCODING ok=1
Cmd: compileSnippet
  api=4 type=1 insize=40470 outsize=3966 kw=UNITY_PASS_FORWARDBASE STEREO_INSTANCING_ON _BORDER_LIGHT_USES_HOVER_COLOR _DISABLE_ALBEDO_MAP _SPECULAR_HIGHLIGHTS _DIRECTIONAL_LIGHT _HOVER_LIGHT _CLIPPING_SPHERE _MULTI_HOVER_LIGHT _BORDER_LIGHT pd=UNITY_ENABLE_REFLECTION_BUFFERS UNITY_USE_DITHER_MASK_FOR_ALPHABLENDED_SHADOWS UNITY_PBS_USE_BRDF1 UNITY_SPECCUBE_BOX_PROJECTION UNITY_SPECCUBE_BLENDING UNITY_ENABLE_DETAIL_NORMALMAP UNITY_HARDWARE_TIER2 UNITY_COLORSPACE_GAMMA UNITY_LIGHT_PROBE_PROXY_VOLUME UNITY_LIGHTMAP_RGBM_ENCODING ok=1
Cmd: compileSnippet
  api=4 type=1 insize=40470 outsize=3966 kw=UNITY_PASS_FORWARDBASE INSTANCING_ON STEREO_INSTANCING_ON _BORDER_LIGHT_USES_HOVER_COLOR _DISABLE_ALBEDO_MAP _SPECULAR_HIGHLIGHTS _DIRECTIONAL_LIGHT _HOVER_LIGHT _CLIPPING_SPHERE _MULTI_HOVER_LIGHT _BORDER_LIGHT pd=UNITY_ENABLE_REFLECTION_BUFFERS UNITY_USE_DITHER_MASK_FOR_ALPHABLENDED_SHADOWS UNITY_PBS_USE_BRDF1 UNITY_SPECCUBE_BOX_PROJECTION UNITY_SPECCUBE_BLENDING UNITY_ENABLE_DETAIL_NORMALMAP UNITY_HARDWARE_TIER2 UNITY_COLORSPACE_GAMMA UNITY_LIGHT_PROBE_PROXY_VOLUME UNITY_LIGHTMAP_RGBM_ENCODING ok=1
Cmd: compileSnippet
  api=4 type=1 insize=40470 outsize=4410 kw=UNITY_PASS_FORWARDBASE STEREO_INSTANCING_ON _BORDER_LIGHT_USES_HOVER_COLOR _DISABLE_ALBEDO_MAP _SPECULAR_HIGHLIGHTS _DIRECTIONAL_LIGHT _HOVER_LIGHT _CLIPPING_SPHERE _CLIPPING_BOX _MULTI_HOVER_LIGHT _BORDER_LIGHT pd=UNITY_ENABLE_REFLECTION_BUFFERS UNITY_NO_SCREENSPACE_SHADOWS UNITY_PBS_USE_BRDF3 UNITY_HARDWARE_TIER1 UNITY_COLORSPACE_GAMMA UNITY_LIGHTMAP_RGBM_ENCODING ok=1
Cmd: compileSnippet
  api=4 type=1 insize=40470 outsize=4362 kw=UNITY_PASS_FORWARDBASE INSTANCING_ON _BORDER_LIGHT_USES_HOVER_COLOR _DISABLE_ALBEDO_MAP _SPECULAR_HIGHLIGHTS _DIRECTIONAL_LIGHT _HOVER_LIGHT _CLIPPING_SPHERE _CLIPPING_BOX _MULTI_HOVER_LIGHT _BORDER_LIGHT pd=UNITY_ENABLE_REFLECTION_BUFFERS UNITY_NO_SCREENSPACE_SHADOWS UNITY_PBS_USE_BRDF3 UNITY_HARDWARE_TIER1 UNITY_COLORSPACE_GAMMA UNITY_LIGHTMAP_RGBM_ENCODING ok=1
Cmd: compileSnippet
  api=4 type=1 insize=40470 outsize=3926 kw=UNITY_PASS_FORWARDBASE STEREO_INSTANCING_ON _BORDER_LIGHT_USES_HOVER_COLOR _DISABLE_ALBEDO_MAP _SPECULAR_HIGHLIGHTS _DIRECTIONAL_LIGHT _HOVER_LIGHT _CLIPPING_PLANE _MULTI_HOVER_LIGHT _BORDER_LIGHT pd=UNITY_ENABLE_REFLECTION_BUFFERS UNITY_USE_DITHER_MASK_FOR_ALPHABLENDED_SHADOWS UNITY_PBS_USE_BRDF1 UNITY_SPECCUBE_BOX_PROJECTION UNITY_SPECCUBE_BLENDING UNITY_ENABLE_DETAIL_NORMALMAP UNITY_HARDWARE_TIER3 UNITY_COLORSPACE_GAMMA UNITY_LIGHT_PROBE_PROXY_VOLUME UNITY_LIGHTMAP_RGBM_ENCODING ok=1
Cmd: compileSnippet
  api=4 type=1 insize=40470 outsize=3878 kw=UNITY_PASS_FORWARDBASE INSTANCING_ON _BORDER_LIGHT_USES_HOVER_COLOR _DISABLE_ALBEDO_MAP _SPECULAR_HIGHLIGHTS _DIRECTIONAL_LIGHT _HOVER_LIGHT _CLIPPING_PLANE _MULTI_HOVER_LIGHT _BORDER_LIGHT pd=UNITY_ENABLE_REFLECTION_BUFFERS UNITY_NO_SCREENSPACE_SHADOWS UNITY_PBS_USE_BRDF3 UNITY_HARDWARE_TIER1 UNITY_COLORSPACE_GAMMA UNITY_LIGHTMAP_RGBM_ENCODING ok=1
Cmd: compileSnippet
  api=4 type=1 insize=40470 outsize=4370 kw=UNITY_PASS_FORWARDBASE INSTANCING_ON STEREO_INSTANCING_ON _BORDER_LIGHT_USES_HOVER_COLOR _DISABLE_ALBEDO_MAP _SPECULAR_HIGHLIGHTS _DIRECTIONAL_LIGHT _HOVER_LIGHT _CLIPPING_PLANE _CLIPPING_BOX _MULTI_HOVER_LIGHT _BORDER_LIGHT pd=UNITY_ENABLE_REFLECTION_BUFFERS UNITY_USE_DITHER_MASK_FOR_ALPHABLENDED_SHADOWS UNITY_PBS_USE_BRDF1 UNITY_SPECCUBE_BOX_PROJECTION UNITY_SPECCUBE_BLENDING UNITY_ENABLE_DETAIL_NORMALMAP UNITY_HARDWARE_TIER2 UNITY_COLORSPACE_GAMMA UNITY_LIGHT_PROBE_PROXY_VOLUME UNITY_LIGHTMAP_RGBM_ENCODING ok=1
Cmd: compileSnippet
  api=4 type=1 insize=40470 outsize=4106 kw=UNITY_PASS_FORWARDBASE STEREO_INSTANCING_ON _BORDER_LIGHT_USES_HOVER_COLOR _DISABLE_ALBEDO_MAP _SPECULAR_HIGHLIGHTS _DIRECTIONAL_LIGHT _HOVER_LIGHT _CLIPPING_PLANE _CLIPPING_SPHERE _MULTI_HOVER_LIGHT _BORDER_LIGHT pd=UNITY_ENABLE_REFLECTION_BUFFERS UNITY_USE_DITHER_MASK_FOR_ALPHABLENDED_SHADOWS UNITY_PBS_USE_BRDF1 UNITY_SPECCUBE_BOX_PROJECTION UNITY_SPECCUBE_BLENDING UNITY_ENABLE_DETAIL_NORMALMAP UNITY_HARDWARE_TIER3 UNITY_COLORSPACE_GAMMA UNITY_LIGHT_PROBE_PROXY_VOLUME UNITY_LIGHTMAP_RGBM_ENCODING ok=1
Cmd: compileSnippet
  api=4 type=1 insize=40470 outsize=4106 kw=UNITY_PASS_FORWARDBASE INSTANCING_ON STEREO_INSTANCING_ON _BORDER_LIGHT_USES_HOVER_COLOR _DISABLE_ALBEDO_MAP _SPECULAR_HIGHLIGHTS _DIRECTIONAL_LIGHT _HOVER_LIGHT _CLIPPING_PLANE _CLIPPING_SPHERE _MULTI_HOVER_LIGHT _BORDER_LIGHT pd=UNITY_ENABLE_REFLECTION_BUFFERS UNITY_USE_DITHER_MASK_FOR_ALPHABLENDED_SHADOWS UNITY_PBS_USE_BRDF1 UNITY_SPECCUBE_BOX_PROJECTION UNITY_SPECCUBE_BLENDING UNITY_ENABLE_DETAIL_NORMALMAP UNITY_HARDWARE_TIER3 UNITY_COLORSPACE_GAMMA UNITY_LIGHT_PROBE_PROXY_VOLUME UNITY_LIGHTMAP_RGBM_ENCODING ok=1
Cmd: compileSnippet
  api=4 type=1 insize=40470 outsize=4502 kw=UNITY_PASS_FORWARDBASE _BORDER_LIGHT_USES_HOVER_COLOR _DISABLE_ALBEDO_MAP _SPECULAR_HIGHLIGHTS _DIRECTIONAL_LIGHT _HOVER_LIGHT _CLIPPING_PLANE _CLIPPING_SPHERE _CLIPPING_BOX _MULTI_HOVER_LIGHT _BORDER_LIGHT pd=UNITY_ENABLE_REFLECTION_BUFFERS UNITY_NO_SCREENSPACE_SHADOWS UNITY_PBS_USE_BRDF3 UNITY_HARDWARE_TIER1 UNITY_COLORSPACE_GAMMA UNITY_LIGHTMAP_RGBM_ENCODING ok=1
Cmd: compileSnippet
  api=4 type=1 insize=40470 outsize=4550 kw=UNITY_PASS_FORWARDBASE INSTANCING_ON STEREO_INSTANCING_ON _BORDER_LIGHT_USES_HOVER_COLOR _DISABLE_ALBEDO_MAP _SPECULAR_HIGHLIGHTS _DIRECTIONAL_LIGHT _HOVER_LIGHT _CLIPPING_PLANE _CLIPPING_SPHERE _CLIPPING_BOX _MULTI_HOVER_LIGHT _BORDER_LIGHT pd=UNITY_ENABLE_REFLECTION_BUFFERS UNITY_USE_DITHER_MASK_FOR_ALPHABLENDED_SHADOWS UNITY_PBS_USE_BRDF1 UNITY_SPECCUBE_BOX_PROJECTION UNITY_SPECCUBE_BLENDING UNITY_ENABLE_DETAIL_NORMALMAP UNITY_HARDWARE_TIER2 UNITY_COLORSPACE_GAMMA UNITY_LIGHT_PROBE_PROXY_VOLUME UNITY_LIGHTMAP_RGBM_ENCODING ok=1
Cmd: compileSnippet
  api=4 type=0 insize=1256 outsize=858 kw=STEREO_INSTANCING_ON pd=UNITY_ENABLE_REFLECTION_BUFFERS UNITY_USE_DITHER_MASK_FOR_ALPHABLENDED_SHADOWS UNITY_PBS_USE_BRDF1 UNITY_SPECCUBE_BOX_PROJECTION UNITY_SPECCUBE_BLENDING UNITY_ENABLE_DETAIL_NORMALMAP UNITY_HARDWARE_TIER3 UNITY_COLORSPACE_GAMMA UNITY_LIGHT_PROBE_PROXY_VOLUME UNITY_LIGHTMAP_RGBM_ENCODING ok=1
Cmd: compileSnippet
  api=4 type=1 insize=1555 outsize=378 kw=STEREO_INSTANCING_ON pd=UNITY_ENABLE_REFLECTION_BUFFERS UNITY_USE_DITHER_MASK_FOR_ALPHABLENDED_SHADOWS UNITY_PBS_USE_BRDF1 UNITY_SPECCUBE_BOX_PROJECTION UNITY_SPECCUBE_BLENDING UNITY_ENABLE_DETAIL_NORMALMAP UNITY_HARDWARE_TIER3 UNITY_COLORSPACE_GAMMA UNITY_LIGHT_PROBE_PROXY_VOLUME UNITY_LIGHTMAP_RGBM_ENCODING ok=1
Cmd: initializeCompiler
Cmd: initializeCompiler
Cmd: initializeCompiler
Cmd: initializeCompiler
Cmd: initializeCompiler
Cmd: initializeCompiler
Cmd: initializeCompiler
Cmd: initializeCompiler
Cmd: initializeCompiler
Cmd: initializeCompiler
Cmd: initializeCompiler
Cmd: initializeCompiler
Cmd: initializeCompiler
Cmd: initializeCompiler
Cmd: initializeCompiler
Cmd: initializeCompiler
Cmd: initializeCompiler
Cmd: initializeCompiler
Cmd: initializeCompiler
Cmd: initializeCompiler
Cmd: initializeCompiler
Cmd: initializeCompiler
Cmd: initializeCompiler
Cmd: initializeCompiler
